<?xml version="1.0" encoding="UTF-8"?>
<coverage generated="1750809867781" clover="3.2.0">
  <project timestamp="1750809867781" name="All files">
    <metrics statements="10" coveredstatements="10" conditionals="15" coveredconditionals="13" methods="4" coveredmethods="4" elements="29" coveredelements="27" complexity="0" loc="10" ncloc="10" packages="1" files="1" classes="1"/>
    <file name="UsuariosService.js" path="C:\projetoSa\easy-check-api\src\services\UsuariosService.js">
      <metrics statements="10" coveredstatements="10" conditionals="15" coveredconditionals="13" methods="4" coveredmethods="4"/>
      <line num="3" count="5" type="stmt"/>
      <line num="5" count="5" type="cond" truecount="2" falsecount="0"/>
      <line num="12" count="1" type="stmt"/>
      <line num="14" count="4" type="stmt"/>
      <line num="19" count="5" type="cond" truecount="2" falsecount="0"/>
      <line num="23" count="3" type="cond" truecount="1" falsecount="1"/>
      <line num="24" count="3" type="stmt"/>
      <line num="25" count="3" type="stmt"/>
      <line num="29" count="2" type="cond" truecount="1" falsecount="1"/>
      <line num="30" count="2" type="cond" truecount="2" falsecount="0"/>
    </file>
  </project>
</coverage>
