{"C:\\projetoSa\\easy-check-api\\src\\controllers\\ClienteController.js": {"path":"C:\\projetoSa\\easy-check-api\\src\\controllers\\ClienteController.js","statementMap":{"0":{"start":{"line":197,"column":4},"end":{"line":238,"column":5}},"1":{"start":{"line":198,"column":90},"end":{"line":198,"column":98}},"2":{"start":{"line":200,"column":6},"end":{"line":202,"column":7}},"3":{"start":{"line":201,"column":8},"end":{"line":201,"column":79}},"4":{"start":{"line":204,"column":24},"end":{"line":204,"column":37}},"5":{"start":{"line":205,"column":22},"end":{"line":205,"column":59}},"6":{"start":{"line":206,"column":25},"end":{"line":210,"column":7}},"7":{"start":{"line":212,"column":26},"end":{"line":225,"column":8}},"8":{"start":{"line":227,"column":6},"end":{"line":230,"column":9}},"9":{"start":{"line":232,"column":6},"end":{"line":235,"column":7}},"10":{"start":{"line":233,"column":8},"end":{"line":233,"column":52}},"11":{"start":{"line":234,"column":8},"end":{"line":234,"column":15}},"12":{"start":{"line":236,"column":6},"end":{"line":236,"column":57}},"13":{"start":{"line":237,"column":6},"end":{"line":237,"column":58}},"14":{"start":{"line":242,"column":4},"end":{"line":264,"column":5}},"15":{"start":{"line":243,"column":24},"end":{"line":243,"column":37}},"16":{"start":{"line":244,"column":24},"end":{"line":244,"column":37}},"17":{"start":{"line":246,"column":6},"end":{"line":248,"column":7}},"18":{"start":{"line":247,"column":8},"end":{"line":247,"column":69}},"19":{"start":{"line":250,"column":22},"end":{"line":250,"column":59}},"20":{"start":{"line":251,"column":26},"end":{"line":254,"column":7}},"21":{"start":{"line":256,"column":6},"end":{"line":258,"column":7}},"22":{"start":{"line":257,"column":8},"end":{"line":257,"column":64}},"23":{"start":{"line":260,"column":6},"end":{"line":260,"column":30}},"24":{"start":{"line":262,"column":6},"end":{"line":262,"column":61}},"25":{"start":{"line":263,"column":6},"end":{"line":263,"column":55}},"26":{"start":{"line":268,"column":4},"end":{"line":281,"column":5}},"27":{"start":{"line":269,"column":24},"end":{"line":269,"column":37}},"28":{"start":{"line":271,"column":22},"end":{"line":271,"column":59}},"29":{"start":{"line":272,"column":26},"end":{"line":275,"column":7}},"30":{"start":{"line":277,"column":6},"end":{"line":277,"column":27}},"31":{"start":{"line":279,"column":6},"end":{"line":279,"column":55}},"32":{"start":{"line":280,"column":6},"end":{"line":280,"column":56}},"33":{"start":{"line":285,"column":4},"end":{"line":327,"column":5}},"34":{"start":{"line":286,"column":24},"end":{"line":286,"column":37}},"35":{"start":{"line":287,"column":24},"end":{"line":287,"column":37}},"36":{"start":{"line":288,"column":90},"end":{"line":288,"column":98}},"37":{"start":{"line":289,"column":29},"end":{"line":289,"column":49}},"38":{"start":{"line":291,"column":6},"end":{"line":293,"column":7}},"39":{"start":{"line":292,"column":8},"end":{"line":292,"column":79}},"40":{"start":{"line":295,"column":22},"end":{"line":295,"column":59}},"41":{"start":{"line":296,"column":25},"end":{"line":300,"column":7}},"42":{"start":{"line":303,"column":26},"end":{"line":317,"column":8}},"43":{"start":{"line":319,"column":6},"end":{"line":321,"column":7}},"44":{"start":{"line":320,"column":8},"end":{"line":320,"column":82}},"45":{"start":{"line":323,"column":6},"end":{"line":323,"column":51}},"46":{"start":{"line":325,"column":6},"end":{"line":325,"column":57}},"47":{"start":{"line":326,"column":6},"end":{"line":326,"column":58}},"48":{"start":{"line":331,"column":4},"end":{"line":352,"column":5}},"49":{"start":{"line":332,"column":24},"end":{"line":332,"column":37}},"50":{"start":{"line":333,"column":24},"end":{"line":333,"column":37}},"51":{"start":{"line":335,"column":6},"end":{"line":337,"column":7}},"52":{"start":{"line":336,"column":8},"end":{"line":336,"column":69}},"53":{"start":{"line":339,"column":22},"end":{"line":339,"column":59}},"54":{"start":{"line":340,"column":25},"end":{"line":340,"column":87}},"55":{"start":{"line":342,"column":26},"end":{"line":342,"column":83}},"56":{"start":{"line":344,"column":6},"end":{"line":346,"column":7}},"57":{"start":{"line":345,"column":8},"end":{"line":345,"column":82}},"58":{"start":{"line":348,"column":6},"end":{"line":348,"column":49}},"59":{"start":{"line":350,"column":6},"end":{"line":350,"column":55}},"60":{"start":{"line":351,"column":6},"end":{"line":351,"column":56}},"61":{"start":{"line":357,"column":20},"end":{"line":357,"column":30}},"62":{"start":{"line":358,"column":22},"end":{"line":358,"column":35}},"63":{"start":{"line":360,"column":4},"end":{"line":362,"column":5}},"64":{"start":{"line":361,"column":6},"end":{"line":361,"column":57}},"65":{"start":{"line":364,"column":4},"end":{"line":379,"column":5}},"66":{"start":{"line":365,"column":22},"end":{"line":365,"column":59}},"67":{"start":{"line":366,"column":26},"end":{"line":369,"column":7}},"68":{"start":{"line":371,"column":6},"end":{"line":373,"column":7}},"69":{"start":{"line":372,"column":8},"end":{"line":372,"column":64}},"70":{"start":{"line":375,"column":6},"end":{"line":375,"column":42}},"71":{"start":{"line":377,"column":6},"end":{"line":377,"column":62}},"72":{"start":{"line":378,"column":6},"end":{"line":378,"column":55}}},"fnMap":{"0":{"name":"(anonymous_0)","decl":{"start":{"line":196,"column":2},"end":{"line":196,"column":3}},"loc":{"start":{"line":196,"column":29},"end":{"line":239,"column":3}},"line":196},"1":{"name":"(anonymous_1)","decl":{"start":{"line":241,"column":2},"end":{"line":241,"column":3}},"loc":{"start":{"line":241,"column":31},"end":{"line":265,"column":3}},"line":241},"2":{"name":"(anonymous_2)","decl":{"start":{"line":267,"column":2},"end":{"line":267,"column":3}},"loc":{"start":{"line":267,"column":26},"end":{"line":282,"column":3}},"line":267},"3":{"name":"(anonymous_3)","decl":{"start":{"line":284,"column":2},"end":{"line":284,"column":3}},"loc":{"start":{"line":284,"column":29},"end":{"line":328,"column":3}},"line":284},"4":{"name":"(anonymous_4)","decl":{"start":{"line":330,"column":2},"end":{"line":330,"column":3}},"loc":{"start":{"line":330,"column":27},"end":{"line":353,"column":3}},"line":330},"5":{"name":"(anonymous_5)","decl":{"start":{"line":356,"column":2},"end":{"line":356,"column":3}},"loc":{"start":{"line":356,"column":32},"end":{"line":380,"column":3}},"line":356}},"branchMap":{"0":{"loc":{"start":{"line":200,"column":6},"end":{"line":202,"column":7}},"type":"if","locations":[{"start":{"line":200,"column":6},"end":{"line":202,"column":7}},{"start":{},"end":{}}],"line":200},"1":{"loc":{"start":{"line":200,"column":10},"end":{"line":200,"column":23}},"type":"binary-expr","locations":[{"start":{"line":200,"column":10},"end":{"line":200,"column":15}},{"start":{"line":200,"column":19},"end":{"line":200,"column":23}}],"line":200},"2":{"loc":{"start":{"line":232,"column":6},"end":{"line":235,"column":7}},"type":"if","locations":[{"start":{"line":232,"column":6},"end":{"line":235,"column":7}},{"start":{},"end":{}}],"line":232},"3":{"loc":{"start":{"line":246,"column":6},"end":{"line":248,"column":7}},"type":"if","locations":[{"start":{"line":246,"column":6},"end":{"line":248,"column":7}},{"start":{},"end":{}}],"line":246},"4":{"loc":{"start":{"line":256,"column":6},"end":{"line":258,"column":7}},"type":"if","locations":[{"start":{"line":256,"column":6},"end":{"line":258,"column":7}},{"start":{},"end":{}}],"line":256},"5":{"loc":{"start":{"line":291,"column":6},"end":{"line":293,"column":7}},"type":"if","locations":[{"start":{"line":291,"column":6},"end":{"line":293,"column":7}},{"start":{},"end":{}}],"line":291},"6":{"loc":{"start":{"line":319,"column":6},"end":{"line":321,"column":7}},"type":"if","locations":[{"start":{"line":319,"column":6},"end":{"line":321,"column":7}},{"start":{},"end":{}}],"line":319},"7":{"loc":{"start":{"line":335,"column":6},"end":{"line":337,"column":7}},"type":"if","locations":[{"start":{"line":335,"column":6},"end":{"line":337,"column":7}},{"start":{},"end":{}}],"line":335},"8":{"loc":{"start":{"line":344,"column":6},"end":{"line":346,"column":7}},"type":"if","locations":[{"start":{"line":344,"column":6},"end":{"line":346,"column":7}},{"start":{},"end":{}}],"line":344},"9":{"loc":{"start":{"line":360,"column":4},"end":{"line":362,"column":5}},"type":"if","locations":[{"start":{"line":360,"column":4},"end":{"line":362,"column":5}},{"start":{},"end":{}}],"line":360},"10":{"loc":{"start":{"line":371,"column":6},"end":{"line":373,"column":7}},"type":"if","locations":[{"start":{"line":371,"column":6},"end":{"line":373,"column":7}},{"start":{},"end":{}}],"line":371}},"s":{"0":0,"1":0,"2":0,"3":0,"4":0,"5":0,"6":0,"7":0,"8":0,"9":0,"10":0,"11":0,"12":0,"13":0,"14":0,"15":0,"16":0,"17":0,"18":0,"19":0,"20":0,"21":0,"22":0,"23":0,"24":0,"25":0,"26":0,"27":0,"28":0,"29":0,"30":0,"31":0,"32":0,"33":0,"34":0,"35":0,"36":0,"37":0,"38":0,"39":0,"40":0,"41":0,"42":0,"43":0,"44":0,"45":0,"46":0,"47":0,"48":0,"49":0,"50":0,"51":0,"52":0,"53":0,"54":0,"55":0,"56":0,"57":0,"58":0,"59":0,"60":0,"61":2,"62":2,"63":2,"64":0,"65":2,"66":2,"67":2,"68":2,"69":1,"70":1,"71":0,"72":0},"f":{"0":0,"1":0,"2":0,"3":0,"4":0,"5":2},"b":{"0":[0,0],"1":[0,0],"2":[0,0],"3":[0,0],"4":[0,0],"5":[0,0],"6":[0,0],"7":[0,0],"8":[0,0],"9":[0,2],"10":[1,1]},"_coverageSchema":"1a1c01bbd47fc00a2c39e90264f33305004495a9","hash":"d94dac9bde8b4d12a2adda691930dbd0ee83de94"}
,"C:\\projetoSa\\easy-check-api\\src\\services\\ClienteService.js": {"path":"C:\\projetoSa\\easy-check-api\\src\\services\\ClienteService.js","statementMap":{"0":{"start":{"line":3,"column":20},"end":{"line":3,"column":22}},"1":{"start":{"line":5,"column":6},"end":{"line":7,"column":7}},"2":{"start":{"line":6,"column":8},"end":{"line":6,"column":41}},"3":{"start":{"line":9,"column":6},"end":{"line":11,"column":7}},"4":{"start":{"line":10,"column":8},"end":{"line":10,"column":37}},"5":{"start":{"line":13,"column":6},"end":{"line":15,"column":7}},"6":{"start":{"line":14,"column":8},"end":{"line":14,"column":35}},"7":{"start":{"line":17,"column":6},"end":{"line":17,"column":19}},"8":{"start":{"line":21,"column":20},"end":{"line":21,"column":48}},"9":{"start":{"line":22,"column":6},"end":{"line":22,"column":31}},"10":{"start":{"line":26,"column":23},"end":{"line":26,"column":45}},"11":{"start":{"line":27,"column":6},"end":{"line":27,"column":36}},"12":{"start":{"line":31,"column":2},"end":{"line":31,"column":34}}},"fnMap":{"0":{"name":"(anonymous_0)","decl":{"start":{"line":2,"column":4},"end":{"line":2,"column":5}},"loc":{"start":{"line":2,"column":26},"end":{"line":18,"column":5}},"line":2},"1":{"name":"(anonymous_1)","decl":{"start":{"line":20,"column":4},"end":{"line":20,"column":5}},"loc":{"start":{"line":20,"column":24},"end":{"line":23,"column":5}},"line":20},"2":{"name":"(anonymous_2)","decl":{"start":{"line":25,"column":4},"end":{"line":25,"column":5}},"loc":{"start":{"line":25,"column":20},"end":{"line":28,"column":5}},"line":25}},"branchMap":{"0":{"loc":{"start":{"line":5,"column":6},"end":{"line":7,"column":7}},"type":"if","locations":[{"start":{"line":5,"column":6},"end":{"line":7,"column":7}},{"start":{},"end":{}}],"line":5},"1":{"loc":{"start":{"line":5,"column":10},"end":{"line":5,"column":53}},"type":"binary-expr","locations":[{"start":{"line":5,"column":10},"end":{"line":5,"column":23}},{"start":{"line":5,"column":27},"end":{"line":5,"column":53}}],"line":5},"2":{"loc":{"start":{"line":9,"column":6},"end":{"line":11,"column":7}},"type":"if","locations":[{"start":{"line":9,"column":6},"end":{"line":11,"column":7}},{"start":{},"end":{}}],"line":9},"3":{"loc":{"start":{"line":9,"column":10},"end":{"line":9,"column":61}},"type":"binary-expr","locations":[{"start":{"line":9,"column":10},"end":{"line":9,"column":24}},{"start":{"line":9,"column":28},"end":{"line":9,"column":61}}],"line":9},"4":{"loc":{"start":{"line":13,"column":6},"end":{"line":15,"column":7}},"type":"if","locations":[{"start":{"line":13,"column":6},"end":{"line":15,"column":7}},{"start":{},"end":{}}],"line":13},"5":{"loc":{"start":{"line":13,"column":10},"end":{"line":13,"column":55}},"type":"binary-expr","locations":[{"start":{"line":13,"column":10},"end":{"line":13,"column":22}},{"start":{"line":13,"column":26},"end":{"line":13,"column":55}}],"line":13}},"s":{"0":10,"1":10,"2":4,"3":10,"4":4,"5":10,"6":4,"7":10,"8":10,"9":10,"10":8,"11":8,"12":3},"f":{"0":10,"1":10,"2":8},"b":{"0":[4,6],"1":[10,6],"2":[4,6],"3":[10,10],"4":[4,6],"5":[10,8]},"_coverageSchema":"1a1c01bbd47fc00a2c39e90264f33305004495a9","hash":"2c691983b9c7b3a202d2ff33a9a517e923ec923a"}
}
