{"C:\\projetoSa\\easy-check-api\\src\\controllers\\ClienteController.js": {"path":"C:\\projetoSa\\easy-check-api\\src\\controllers\\ClienteController.js","statementMap":{"0":{"start":{"line":6,"column":4},"end":{"line":47,"column":5}},"1":{"start":{"line":7,"column":90},"end":{"line":7,"column":98}},"2":{"start":{"line":9,"column":6},"end":{"line":11,"column":7}},"3":{"start":{"line":10,"column":8},"end":{"line":10,"column":79}},"4":{"start":{"line":13,"column":24},"end":{"line":13,"column":37}},"5":{"start":{"line":14,"column":22},"end":{"line":14,"column":59}},"6":{"start":{"line":15,"column":25},"end":{"line":19,"column":7}},"7":{"start":{"line":21,"column":26},"end":{"line":34,"column":8}},"8":{"start":{"line":36,"column":6},"end":{"line":39,"column":9}},"9":{"start":{"line":41,"column":6},"end":{"line":44,"column":7}},"10":{"start":{"line":42,"column":8},"end":{"line":42,"column":52}},"11":{"start":{"line":43,"column":8},"end":{"line":43,"column":15}},"12":{"start":{"line":45,"column":6},"end":{"line":45,"column":57}},"13":{"start":{"line":46,"column":6},"end":{"line":46,"column":58}},"14":{"start":{"line":51,"column":4},"end":{"line":73,"column":5}},"15":{"start":{"line":52,"column":24},"end":{"line":52,"column":37}},"16":{"start":{"line":53,"column":24},"end":{"line":53,"column":37}},"17":{"start":{"line":55,"column":6},"end":{"line":57,"column":7}},"18":{"start":{"line":56,"column":8},"end":{"line":56,"column":69}},"19":{"start":{"line":59,"column":22},"end":{"line":59,"column":59}},"20":{"start":{"line":60,"column":26},"end":{"line":63,"column":7}},"21":{"start":{"line":65,"column":6},"end":{"line":67,"column":7}},"22":{"start":{"line":66,"column":8},"end":{"line":66,"column":64}},"23":{"start":{"line":69,"column":6},"end":{"line":69,"column":30}},"24":{"start":{"line":71,"column":6},"end":{"line":71,"column":61}},"25":{"start":{"line":72,"column":6},"end":{"line":72,"column":55}},"26":{"start":{"line":77,"column":4},"end":{"line":90,"column":5}},"27":{"start":{"line":78,"column":24},"end":{"line":78,"column":37}},"28":{"start":{"line":80,"column":22},"end":{"line":80,"column":59}},"29":{"start":{"line":81,"column":26},"end":{"line":84,"column":7}},"30":{"start":{"line":86,"column":6},"end":{"line":86,"column":27}},"31":{"start":{"line":88,"column":6},"end":{"line":88,"column":55}},"32":{"start":{"line":89,"column":6},"end":{"line":89,"column":56}},"33":{"start":{"line":94,"column":4},"end":{"line":134,"column":5}},"34":{"start":{"line":95,"column":24},"end":{"line":95,"column":37}},"35":{"start":{"line":96,"column":24},"end":{"line":96,"column":37}},"36":{"start":{"line":97,"column":90},"end":{"line":97,"column":98}},"37":{"start":{"line":99,"column":6},"end":{"line":101,"column":7}},"38":{"start":{"line":100,"column":8},"end":{"line":100,"column":79}},"39":{"start":{"line":103,"column":22},"end":{"line":103,"column":59}},"40":{"start":{"line":104,"column":25},"end":{"line":108,"column":7}},"41":{"start":{"line":110,"column":26},"end":{"line":124,"column":8}},"42":{"start":{"line":126,"column":6},"end":{"line":128,"column":7}},"43":{"start":{"line":127,"column":8},"end":{"line":127,"column":82}},"44":{"start":{"line":130,"column":6},"end":{"line":130,"column":51}},"45":{"start":{"line":132,"column":6},"end":{"line":132,"column":57}},"46":{"start":{"line":133,"column":6},"end":{"line":133,"column":58}},"47":{"start":{"line":138,"column":4},"end":{"line":159,"column":5}},"48":{"start":{"line":139,"column":24},"end":{"line":139,"column":37}},"49":{"start":{"line":140,"column":24},"end":{"line":140,"column":37}},"50":{"start":{"line":142,"column":6},"end":{"line":144,"column":7}},"51":{"start":{"line":143,"column":8},"end":{"line":143,"column":69}},"52":{"start":{"line":146,"column":22},"end":{"line":146,"column":59}},"53":{"start":{"line":147,"column":25},"end":{"line":147,"column":87}},"54":{"start":{"line":149,"column":26},"end":{"line":149,"column":83}},"55":{"start":{"line":151,"column":6},"end":{"line":153,"column":7}},"56":{"start":{"line":152,"column":8},"end":{"line":152,"column":82}},"57":{"start":{"line":155,"column":6},"end":{"line":155,"column":49}},"58":{"start":{"line":157,"column":6},"end":{"line":157,"column":55}},"59":{"start":{"line":158,"column":6},"end":{"line":158,"column":56}},"60":{"start":{"line":164,"column":20},"end":{"line":164,"column":30}},"61":{"start":{"line":165,"column":22},"end":{"line":165,"column":35}},"62":{"start":{"line":167,"column":4},"end":{"line":169,"column":5}},"63":{"start":{"line":168,"column":6},"end":{"line":168,"column":57}},"64":{"start":{"line":171,"column":4},"end":{"line":186,"column":5}},"65":{"start":{"line":172,"column":22},"end":{"line":172,"column":59}},"66":{"start":{"line":173,"column":26},"end":{"line":176,"column":7}},"67":{"start":{"line":178,"column":6},"end":{"line":180,"column":7}},"68":{"start":{"line":179,"column":8},"end":{"line":179,"column":64}},"69":{"start":{"line":182,"column":6},"end":{"line":182,"column":42}},"70":{"start":{"line":184,"column":6},"end":{"line":184,"column":62}},"71":{"start":{"line":185,"column":6},"end":{"line":185,"column":55}}},"fnMap":{"0":{"name":"(anonymous_0)","decl":{"start":{"line":5,"column":2},"end":{"line":5,"column":3}},"loc":{"start":{"line":5,"column":29},"end":{"line":48,"column":3}},"line":5},"1":{"name":"(anonymous_1)","decl":{"start":{"line":50,"column":2},"end":{"line":50,"column":3}},"loc":{"start":{"line":50,"column":31},"end":{"line":74,"column":3}},"line":50},"2":{"name":"(anonymous_2)","decl":{"start":{"line":76,"column":2},"end":{"line":76,"column":3}},"loc":{"start":{"line":76,"column":26},"end":{"line":91,"column":3}},"line":76},"3":{"name":"(anonymous_3)","decl":{"start":{"line":93,"column":2},"end":{"line":93,"column":3}},"loc":{"start":{"line":93,"column":29},"end":{"line":135,"column":3}},"line":93},"4":{"name":"(anonymous_4)","decl":{"start":{"line":137,"column":2},"end":{"line":137,"column":3}},"loc":{"start":{"line":137,"column":27},"end":{"line":160,"column":3}},"line":137},"5":{"name":"(anonymous_5)","decl":{"start":{"line":163,"column":2},"end":{"line":163,"column":3}},"loc":{"start":{"line":163,"column":32},"end":{"line":187,"column":3}},"line":163}},"branchMap":{"0":{"loc":{"start":{"line":9,"column":6},"end":{"line":11,"column":7}},"type":"if","locations":[{"start":{"line":9,"column":6},"end":{"line":11,"column":7}},{"start":{},"end":{}}],"line":9},"1":{"loc":{"start":{"line":9,"column":10},"end":{"line":9,"column":23}},"type":"binary-expr","locations":[{"start":{"line":9,"column":10},"end":{"line":9,"column":15}},{"start":{"line":9,"column":19},"end":{"line":9,"column":23}}],"line":9},"2":{"loc":{"start":{"line":41,"column":6},"end":{"line":44,"column":7}},"type":"if","locations":[{"start":{"line":41,"column":6},"end":{"line":44,"column":7}},{"start":{},"end":{}}],"line":41},"3":{"loc":{"start":{"line":55,"column":6},"end":{"line":57,"column":7}},"type":"if","locations":[{"start":{"line":55,"column":6},"end":{"line":57,"column":7}},{"start":{},"end":{}}],"line":55},"4":{"loc":{"start":{"line":65,"column":6},"end":{"line":67,"column":7}},"type":"if","locations":[{"start":{"line":65,"column":6},"end":{"line":67,"column":7}},{"start":{},"end":{}}],"line":65},"5":{"loc":{"start":{"line":99,"column":6},"end":{"line":101,"column":7}},"type":"if","locations":[{"start":{"line":99,"column":6},"end":{"line":101,"column":7}},{"start":{},"end":{}}],"line":99},"6":{"loc":{"start":{"line":99,"column":10},"end":{"line":99,"column":37}},"type":"binary-expr","locations":[{"start":{"line":99,"column":10},"end":{"line":99,"column":20}},{"start":{"line":99,"column":24},"end":{"line":99,"column":29}},{"start":{"line":99,"column":33},"end":{"line":99,"column":37}}],"line":99},"7":{"loc":{"start":{"line":126,"column":6},"end":{"line":128,"column":7}},"type":"if","locations":[{"start":{"line":126,"column":6},"end":{"line":128,"column":7}},{"start":{},"end":{}}],"line":126},"8":{"loc":{"start":{"line":142,"column":6},"end":{"line":144,"column":7}},"type":"if","locations":[{"start":{"line":142,"column":6},"end":{"line":144,"column":7}},{"start":{},"end":{}}],"line":142},"9":{"loc":{"start":{"line":151,"column":6},"end":{"line":153,"column":7}},"type":"if","locations":[{"start":{"line":151,"column":6},"end":{"line":153,"column":7}},{"start":{},"end":{}}],"line":151},"10":{"loc":{"start":{"line":167,"column":4},"end":{"line":169,"column":5}},"type":"if","locations":[{"start":{"line":167,"column":4},"end":{"line":169,"column":5}},{"start":{},"end":{}}],"line":167},"11":{"loc":{"start":{"line":178,"column":6},"end":{"line":180,"column":7}},"type":"if","locations":[{"start":{"line":178,"column":6},"end":{"line":180,"column":7}},{"start":{},"end":{}}],"line":178}},"s":{"0":3,"1":3,"2":3,"3":2,"4":1,"5":1,"6":1,"7":1,"8":1,"9":0,"10":0,"11":0,"12":0,"13":0,"14":2,"15":2,"16":2,"17":2,"18":0,"19":2,"20":2,"21":2,"22":1,"23":1,"24":0,"25":0,"26":0,"27":0,"28":0,"29":0,"30":0,"31":0,"32":0,"33":0,"34":0,"35":0,"36":0,"37":0,"38":0,"39":0,"40":0,"41":0,"42":0,"43":0,"44":0,"45":0,"46":0,"47":0,"48":0,"49":0,"50":0,"51":0,"52":0,"53":0,"54":0,"55":0,"56":0,"57":0,"58":0,"59":0,"60":2,"61":2,"62":2,"63":0,"64":2,"65":2,"66":2,"67":2,"68":1,"69":1,"70":0,"71":0},"f":{"0":3,"1":2,"2":0,"3":0,"4":0,"5":2},"b":{"0":[2,1],"1":[3,2],"2":[0,0],"3":[0,2],"4":[1,1],"5":[0,0],"6":[0,0,0],"7":[0,0],"8":[0,0],"9":[0,0],"10":[0,2],"11":[1,1]},"_coverageSchema":"1a1c01bbd47fc00a2c39e90264f33305004495a9","hash":"1963f39b38241b2d7871894215c108b47b0433bb"}
,"C:\\projetoSa\\easy-check-api\\src\\database\\ConexaoMySql.js": {"path":"C:\\projetoSa\\easy-check-api\\src\\database\\ConexaoMySql.js","statementMap":{"0":{"start":{"line":3,"column":17},"end":{"line":9,"column":1}},"1":{"start":{"line":15,"column":4},"end":{"line":17,"column":5}},"2":{"start":{"line":16,"column":6},"end":{"line":16,"column":68}},"3":{"start":{"line":18,"column":4},"end":{"line":18,"column":32}}},"fnMap":{"0":{"name":"(anonymous_0)","decl":{"start":{"line":14,"column":2},"end":{"line":14,"column":3}},"loc":{"start":{"line":14,"column":21},"end":{"line":19,"column":3}},"line":14}},"branchMap":{"0":{"loc":{"start":{"line":4,"column":12},"end":{"line":4,"column":65}},"type":"binary-expr","locations":[{"start":{"line":4,"column":12},"end":{"line":4,"column":34}},{"start":{"line":4,"column":42},"end":{"line":4,"column":65}}],"line":4},"1":{"loc":{"start":{"line":5,"column":12},"end":{"line":5,"column":49}},"type":"binary-expr","locations":[{"start":{"line":5,"column":12},"end":{"line":5,"column":34}},{"start":{"line":5,"column":42},"end":{"line":5,"column":49}}],"line":5},"2":{"loc":{"start":{"line":6,"column":12},"end":{"line":6,"column":48}},"type":"binary-expr","locations":[{"start":{"line":6,"column":12},"end":{"line":6,"column":34}},{"start":{"line":6,"column":42},"end":{"line":6,"column":48}}],"line":6},"3":{"loc":{"start":{"line":7,"column":12},"end":{"line":7,"column":76}},"type":"binary-expr","locations":[{"start":{"line":7,"column":12},"end":{"line":7,"column":33}},{"start":{"line":7,"column":42},"end":{"line":7,"column":76}}],"line":7},"4":{"loc":{"start":{"line":8,"column":12},"end":{"line":8,"column":51}},"type":"binary-expr","locations":[{"start":{"line":8,"column":12},"end":{"line":8,"column":32}},{"start":{"line":8,"column":42},"end":{"line":8,"column":51}}],"line":8},"5":{"loc":{"start":{"line":15,"column":4},"end":{"line":17,"column":5}},"type":"if","locations":[{"start":{"line":15,"column":4},"end":{"line":17,"column":5}},{"start":{},"end":{}}],"line":15}},"s":{"0":1,"1":0,"2":0,"3":0},"f":{"0":0},"b":{"0":[1,1],"1":[1,1],"2":[1,1],"3":[1,1],"4":[1,1],"5":[0,0]},"_coverageSchema":"1a1c01bbd47fc00a2c39e90264f33305004495a9","hash":"bcc6161df0ad742f4acf746c86cb1aea070a01b0"}
,"C:\\projetoSa\\easy-check-api\\src\\services\\ClienteService.js": {"path":"C:\\projetoSa\\easy-check-api\\src\\services\\ClienteService.js","statementMap":{"0":{"start":{"line":3,"column":20},"end":{"line":3,"column":22}},"1":{"start":{"line":5,"column":6},"end":{"line":7,"column":7}},"2":{"start":{"line":6,"column":8},"end":{"line":6,"column":41}},"3":{"start":{"line":9,"column":6},"end":{"line":11,"column":7}},"4":{"start":{"line":10,"column":8},"end":{"line":10,"column":37}},"5":{"start":{"line":13,"column":6},"end":{"line":15,"column":7}},"6":{"start":{"line":14,"column":8},"end":{"line":14,"column":35}},"7":{"start":{"line":17,"column":6},"end":{"line":17,"column":19}},"8":{"start":{"line":21,"column":20},"end":{"line":21,"column":48}},"9":{"start":{"line":22,"column":6},"end":{"line":22,"column":31}},"10":{"start":{"line":26,"column":23},"end":{"line":26,"column":45}},"11":{"start":{"line":27,"column":6},"end":{"line":27,"column":36}},"12":{"start":{"line":31,"column":2},"end":{"line":31,"column":34}}},"fnMap":{"0":{"name":"(anonymous_0)","decl":{"start":{"line":2,"column":4},"end":{"line":2,"column":5}},"loc":{"start":{"line":2,"column":26},"end":{"line":18,"column":5}},"line":2},"1":{"name":"(anonymous_1)","decl":{"start":{"line":20,"column":4},"end":{"line":20,"column":5}},"loc":{"start":{"line":20,"column":24},"end":{"line":23,"column":5}},"line":20},"2":{"name":"(anonymous_2)","decl":{"start":{"line":25,"column":4},"end":{"line":25,"column":5}},"loc":{"start":{"line":25,"column":20},"end":{"line":28,"column":5}},"line":25}},"branchMap":{"0":{"loc":{"start":{"line":5,"column":6},"end":{"line":7,"column":7}},"type":"if","locations":[{"start":{"line":5,"column":6},"end":{"line":7,"column":7}},{"start":{},"end":{}}],"line":5},"1":{"loc":{"start":{"line":5,"column":10},"end":{"line":5,"column":53}},"type":"binary-expr","locations":[{"start":{"line":5,"column":10},"end":{"line":5,"column":23}},{"start":{"line":5,"column":27},"end":{"line":5,"column":53}}],"line":5},"2":{"loc":{"start":{"line":9,"column":6},"end":{"line":11,"column":7}},"type":"if","locations":[{"start":{"line":9,"column":6},"end":{"line":11,"column":7}},{"start":{},"end":{}}],"line":9},"3":{"loc":{"start":{"line":9,"column":10},"end":{"line":9,"column":61}},"type":"binary-expr","locations":[{"start":{"line":9,"column":10},"end":{"line":9,"column":24}},{"start":{"line":9,"column":28},"end":{"line":9,"column":61}}],"line":9},"4":{"loc":{"start":{"line":13,"column":6},"end":{"line":15,"column":7}},"type":"if","locations":[{"start":{"line":13,"column":6},"end":{"line":15,"column":7}},{"start":{},"end":{}}],"line":13},"5":{"loc":{"start":{"line":13,"column":10},"end":{"line":13,"column":55}},"type":"binary-expr","locations":[{"start":{"line":13,"column":10},"end":{"line":13,"column":22}},{"start":{"line":13,"column":26},"end":{"line":13,"column":55}}],"line":13}},"s":{"0":5,"1":5,"2":2,"3":5,"4":2,"5":5,"6":2,"7":5,"8":5,"9":5,"10":4,"11":4,"12":1},"f":{"0":5,"1":5,"2":4},"b":{"0":[2,3],"1":[5,3],"2":[2,3],"3":[5,5],"4":[2,3],"5":[5,4]},"_coverageSchema":"1a1c01bbd47fc00a2c39e90264f33305004495a9","hash":"2c691983b9c7b3a202d2ff33a9a517e923ec923a"}
,"C:\\projetoSa\\easy-check-api\\src\\services\\UsuariosService.js": {"path":"C:\\projetoSa\\easy-check-api\\src\\services\\UsuariosService.js","statementMap":{"0":{"start":{"line":3,"column":55},"end":{"line":3,"column":59}},"1":{"start":{"line":5,"column":4},"end":{"line":15,"column":5}},"2":{"start":{"line":12,"column":6},"end":{"line":12,"column":18}},"3":{"start":{"line":14,"column":6},"end":{"line":14,"column":19}},"4":{"start":{"line":19,"column":4},"end":{"line":19,"column":38}},"5":{"start":{"line":23,"column":4},"end":{"line":23,"column":28}},"6":{"start":{"line":23,"column":15},"end":{"line":23,"column":28}},"7":{"start":{"line":24,"column":22},"end":{"line":24,"column":45}},"8":{"start":{"line":25,"column":4},"end":{"line":25,"column":35}},"9":{"start":{"line":29,"column":4},"end":{"line":29,"column":29}},"10":{"start":{"line":29,"column":16},"end":{"line":29,"column":29}},"11":{"start":{"line":30,"column":4},"end":{"line":30,"column":57}}},"fnMap":{"0":{"name":"(anonymous_0)","decl":{"start":{"line":2,"column":2},"end":{"line":2,"column":3}},"loc":{"start":{"line":2,"column":23},"end":{"line":16,"column":3}},"line":2},"1":{"name":"(anonymous_1)","decl":{"start":{"line":18,"column":2},"end":{"line":18,"column":3}},"loc":{"start":{"line":18,"column":22},"end":{"line":20,"column":3}},"line":18},"2":{"name":"(anonymous_2)","decl":{"start":{"line":22,"column":2},"end":{"line":22,"column":3}},"loc":{"start":{"line":22,"column":20},"end":{"line":26,"column":3}},"line":22},"3":{"name":"(anonymous_3)","decl":{"start":{"line":28,"column":2},"end":{"line":28,"column":3}},"loc":{"start":{"line":28,"column":22},"end":{"line":31,"column":3}},"line":28}},"branchMap":{"0":{"loc":{"start":{"line":5,"column":4},"end":{"line":15,"column":5}},"type":"if","locations":[{"start":{"line":5,"column":4},"end":{"line":15,"column":5}},{"start":{"line":13,"column":11},"end":{"line":15,"column":5}}],"line":5},"1":{"loc":{"start":{"line":6,"column":6},"end":{"line":10,"column":10}},"type":"binary-expr","locations":[{"start":{"line":6,"column":6},"end":{"line":6,"column":30}},{"start":{"line":7,"column":6},"end":{"line":7,"column":28}},{"start":{"line":8,"column":6},"end":{"line":8,"column":30}},{"start":{"line":9,"column":6},"end":{"line":9,"column":18}},{"start":{"line":10,"column":6},"end":{"line":10,"column":10}}],"line":6},"2":{"loc":{"start":{"line":19,"column":11},"end":{"line":19,"column":37}},"type":"binary-expr","locations":[{"start":{"line":19,"column":11},"end":{"line":19,"column":16}},{"start":{"line":19,"column":20},"end":{"line":19,"column":37}}],"line":19},"3":{"loc":{"start":{"line":23,"column":4},"end":{"line":23,"column":28}},"type":"if","locations":[{"start":{"line":23,"column":4},"end":{"line":23,"column":28}},{"start":{},"end":{}}],"line":23},"4":{"loc":{"start":{"line":29,"column":4},"end":{"line":29,"column":29}},"type":"if","locations":[{"start":{"line":29,"column":4},"end":{"line":29,"column":29}},{"start":{},"end":{}}],"line":29},"5":{"loc":{"start":{"line":30,"column":11},"end":{"line":30,"column":56}},"type":"binary-expr","locations":[{"start":{"line":30,"column":11},"end":{"line":30,"column":30}},{"start":{"line":30,"column":34},"end":{"line":30,"column":56}}],"line":30}},"s":{"0":5,"1":5,"2":1,"3":4,"4":5,"5":3,"6":0,"7":3,"8":3,"9":2,"10":0,"11":2},"f":{"0":5,"1":5,"2":3,"3":2},"b":{"0":[1,4],"1":[5,3,2,1,1],"2":[5,4],"3":[0,3],"4":[0,2],"5":[2,1]},"_coverageSchema":"1a1c01bbd47fc00a2c39e90264f33305004495a9","hash":"eccf88cf509a997ca39f9830fc919f05115596e4"}
}
