TN:
SF:src\services\UsuariosService.js
FN:2,(anonymous_0)
FN:18,(anonymous_1)
FN:22,(anonymous_2)
FN:28,(anonymous_3)
FNF:4
FNH:4
FNDA:5,(anonymous_0)
FNDA:5,(anonymous_1)
FNDA:3,(anonymous_2)
FNDA:2,(anonymous_3)
DA:3,5
DA:5,5
DA:12,1
DA:14,4
DA:19,5
DA:23,3
DA:24,3
DA:25,3
DA:29,2
DA:30,2
LF:10
LH:10
BRDA:5,0,0,1
BRDA:5,0,1,4
BRDA:6,1,0,5
BRDA:6,1,1,3
BRDA:6,1,2,2
BRDA:6,1,3,1
BRDA:6,1,4,1
BRDA:19,2,0,5
BRDA:19,2,1,4
BRDA:23,3,0,0
BRDA:23,3,1,3
BRDA:29,4,0,0
BRDA:29,4,1,2
BRDA:30,5,0,2
BRDA:30,5,1,1
BRF:15
BRH:13
end_of_record
