TN:
SF:src\controllers\ClienteController.js
FN:196,(anonymous_0)
FN:241,(anonymous_1)
FN:267,(anonymous_2)
FN:284,(anonymous_3)
FN:330,(anonymous_4)
FN:356,(anonymous_5)
FNF:6
FNH:1
FNDA:0,(anonymous_0)
FNDA:0,(anonymous_1)
FNDA:0,(anonymous_2)
FNDA:0,(anonymous_3)
FNDA:0,(anonymous_4)
FNDA:2,(anonymous_5)
DA:197,0
DA:198,0
DA:200,0
DA:201,0
DA:204,0
DA:205,0
DA:206,0
DA:212,0
DA:227,0
DA:232,0
DA:233,0
DA:234,0
DA:236,0
DA:237,0
DA:242,0
DA:243,0
DA:244,0
DA:246,0
DA:247,0
DA:250,0
DA:251,0
DA:256,0
DA:257,0
DA:260,0
DA:262,0
DA:263,0
DA:268,0
DA:269,0
DA:271,0
DA:272,0
DA:277,0
DA:279,0
DA:280,0
DA:285,0
DA:286,0
DA:287,0
DA:288,0
DA:289,0
DA:291,0
DA:292,0
DA:295,0
DA:296,0
DA:303,0
DA:319,0
DA:320,0
DA:323,0
DA:325,0
DA:326,0
DA:331,0
DA:332,0
DA:333,0
DA:335,0
DA:336,0
DA:339,0
DA:340,0
DA:342,0
DA:344,0
DA:345,0
DA:348,0
DA:350,0
DA:351,0
DA:357,2
DA:358,2
DA:360,2
DA:361,0
DA:364,2
DA:365,2
DA:366,2
DA:371,2
DA:372,1
DA:375,1
DA:377,0
DA:378,0
LF:73
LH:9
BRDA:200,0,0,0
BRDA:200,0,1,0
BRDA:200,1,0,0
BRDA:200,1,1,0
BRDA:232,2,0,0
BRDA:232,2,1,0
BRDA:246,3,0,0
BRDA:246,3,1,0
BRDA:256,4,0,0
BRDA:256,4,1,0
BRDA:291,5,0,0
BRDA:291,5,1,0
BRDA:319,6,0,0
BRDA:319,6,1,0
BRDA:335,7,0,0
BRDA:335,7,1,0
BRDA:344,8,0,0
BRDA:344,8,1,0
BRDA:360,9,0,0
BRDA:360,9,1,2
BRDA:371,10,0,1
BRDA:371,10,1,1
BRF:22
BRH:3
end_of_record
TN:
SF:src\services\ClienteService.js
FN:2,(anonymous_0)
FN:20,(anonymous_1)
FN:25,(anonymous_2)
FNF:3
FNH:3
FNDA:10,(anonymous_0)
FNDA:10,(anonymous_1)
FNDA:8,(anonymous_2)
DA:3,10
DA:5,10
DA:6,4
DA:9,10
DA:10,4
DA:13,10
DA:14,4
DA:17,10
DA:21,10
DA:22,10
DA:26,8
DA:27,8
DA:31,3
LF:13
LH:13
BRDA:5,0,0,4
BRDA:5,0,1,6
BRDA:5,1,0,10
BRDA:5,1,1,6
BRDA:9,2,0,4
BRDA:9,2,1,6
BRDA:9,3,0,10
BRDA:9,3,1,10
BRDA:13,4,0,4
BRDA:13,4,1,6
BRDA:13,5,0,10
BRDA:13,5,1,8
BRF:12
BRH:12
end_of_record
